#
# There is insufficient memory for the Java Runtime Environment to continue.
# Native memory allocation (malloc) failed to allocate 1275696 bytes for Chunk::new
# Possible reasons:
#   The system is out of physical RAM or swap space
#   In 32 bit mode, the process size limit was hit
# Possible solutions:
#   Reduce memory load on the system
#   Increase physical memory or swap space
#   Check if swap backing store is full
#   Use 64 bit Java on a 64 bit OS
#   Decrease Java heap size (-Xmx/-Xms)
#   Decrease number of Java threads
#   Decrease Java thread stack sizes (-Xss)
#   Set larger code cache with -XX:ReservedCodeCacheSize=
# This output file may be truncated or incomplete.
#
#  Out of Memory Error (allocation.cpp:390), pid=3888, tid=0x0000000000000ff0
#
# JRE version: Java(TM) SE Runtime Environment (8.0_162-b12) (build 1.8.0_162-b12)
# Java VM: Java HotSpot(TM) 64-Bit Server VM (25.162-b12 mixed mode windows-amd64 compressed oops)
# Failed to write core dump. Minidumps are not enabled by default on client versions of Windows
#

---------------  T H R E A D  ---------------

Current thread (0x0000000018ad5000):  JavaThread "C2 CompilerThread1" daemon [_thread_in_native, id=4080, stack(0x0000000019240000,0x0000000019340000)]

Stack: [0x0000000019240000,0x0000000019340000]
[error occurred during error reporting (printing stack bounds), id 0xc0000005]

Native frames: (J=compiled Java code, j=interpreted, Vv=VM code, C=native code)


Current CompileTask:
C2:   6073 4097       4       sun.reflect.generics.parser.SignatureParser::parsePackageNameAndSimpleClassTypeSignature (139 bytes)


---------------  P R O C E S S  ---------------

Java Threads: ( => current thread )
  0x000000001a91b000 JavaThread "Memory manager" [_thread_blocked, id=8416, stack(0x00000000230b0000,0x00000000231b0000)]
  0x000000001a919800 JavaThread "pool-1-thread-1" [_thread_blocked, id=3516, stack(0x0000000022fb0000,0x00000000230b0000)]
  0x000000001a920800 JavaThread "build operations Thread 8" [_thread_blocked, id=9432, stack(0x0000000022790000,0x0000000022890000)]
  0x000000001a91f800 JavaThread "build operations Thread 7" [_thread_blocked, id=11276, stack(0x0000000022690000,0x0000000022790000)]
  0x000000001a918000 JavaThread "build operations Thread 6" [_thread_blocked, id=16440, stack(0x0000000022590000,0x0000000022690000)]
  0x000000001a918800 JavaThread "build operations Thread 5" [_thread_blocked, id=14728, stack(0x0000000022490000,0x0000000022590000)]
  0x000000001a91e800 JavaThread "build operations Thread 4" [_thread_blocked, id=12988, stack(0x0000000022390000,0x0000000022490000)]
  0x000000001a917000 JavaThread "build operations Thread 3" [_thread_blocked, id=18816, stack(0x0000000022290000,0x0000000022390000)]
  0x000000001a91b800 JavaThread "build operations Thread 2" [_thread_blocked, id=11488, stack(0x0000000020f50000,0x0000000021050000)]
  0x000000001a91e000 JavaThread "build operations" [_thread_blocked, id=34104, stack(0x0000000020ba0000,0x0000000020ca0000)]
  0x000000001a91d000 JavaThread "Cache worker for Artifact transforms cache (C:\Users\xucan\.gradle\caches\transforms-1)" [_thread_blocked, id=24868, stack(0x0000000020aa0000,0x0000000020ba0000)]
  0x000000001a916800 JavaThread "Cache worker for file hash cache (C:\Users\xucan\OneDrive\Download\UWICIIT\SWEN3001\FlowText\.gradle\4.4\fileHashes)" [_thread_blocked, id=3752, stack(0x000000001d190000,0x000000001d290000)]
  0x000000001a91c800 JavaThread "File lock request listener" [_thread_in_native, id=16408, stack(0x000000001c0c0000,0x000000001c1c0000)]
  0x000000001a00a000 JavaThread "Cache worker for file hash cache (C:\Users\xucan\.gradle\caches\4.4\fileHashes)" [_thread_blocked, id=24484, stack(0x000000001bfc0000,0x000000001c0c0000)]
  0x000000001a008800 JavaThread "Stdin handler" [_thread_blocked, id=22028, stack(0x000000001bcc0000,0x000000001bdc0000)]
  0x000000001a00e800 JavaThread "Asynchronous log dispatcher for DefaultDaemonConnection: socket connection from /127.0.0.1:14380 to /127.0.0.1:14381" [_thread_blocked, id=34624, stack(0x000000001bbc0000,0x000000001bcc0000)]
  0x000000001a00b800 JavaThread "Daemon worker" [_thread_in_Java, id=34776, stack(0x000000001b9c0000,0x000000001bac0000)]
  0x000000001a00f000 JavaThread "Cancel handler" [_thread_blocked, id=26728, stack(0x000000001b8c0000,0x000000001b9c0000)]
  0x000000001a00d800 JavaThread "Handler for socket connection from /127.0.0.1:14380 to /127.0.0.1:14381" [_thread_in_native, id=14068, stack(0x000000001b5c0000,0x000000001b6c0000)]
  0x000000001a00d000 JavaThread "Daemon" [_thread_blocked, id=31040, stack(0x000000001b4c0000,0x000000001b5c0000)]
  0x000000001a00a800 JavaThread "Daemon periodic checks" [_thread_blocked, id=23016, stack(0x000000001b3c0000,0x000000001b4c0000)]
  0x000000001a009000 JavaThread "Incoming local TCP Connector on port 14380" [_thread_in_native, id=16308, stack(0x000000001b210000,0x000000001b310000)]
  0x000000001a00c000 JavaThread "Daemon health stats" [_thread_blocked, id=3392, stack(0x000000001b110000,0x000000001b210000)]
  0x0000000018b74800 JavaThread "Service Thread" daemon [_thread_blocked, id=18884, stack(0x0000000019540000,0x0000000019640000)]
  0x0000000018ade800 JavaThread "C1 CompilerThread3" daemon [_thread_in_vm, id=23760, stack(0x0000000019440000,0x0000000019540000)]
  0x0000000018ad6800 JavaThread "C2 CompilerThread2" daemon [_thread_in_native, id=37036, stack(0x0000000019340000,0x0000000019440000)]
=>0x0000000018ad5000 JavaThread "C2 CompilerThread1" daemon [_thread_in_native, id=4080, stack(0x0000000019240000,0x0000000019340000)]
  0x0000000018ad1800 JavaThread "C2 CompilerThread0" daemon [_thread_in_native, id=22404, stack(0x0000000019140000,0x0000000019240000)]
  0x0000000018acf800 JavaThread "Attach Listener" daemon [_thread_blocked, id=29444, stack(0x0000000019040000,0x0000000019140000)]
  0x0000000018a78000 JavaThread "Signal Dispatcher" daemon [_thread_blocked, id=33268, stack(0x0000000018f40000,0x0000000019040000)]
  0x0000000002da9000 JavaThread "Finalizer" daemon [_thread_blocked, id=10008, stack(0x0000000018e40000,0x0000000018f40000)]
  0x0000000016b6d800 JavaThread "Reference Handler" daemon [_thread_blocked, id=1736, stack(0x0000000018940000,0x0000000018a40000)]
  0x0000000002cb2800 JavaThread "main" [_thread_blocked, id=24124, stack(0x0000000002b70000,0x0000000002c70000)]

Other Threads:
  0x0000000016b68800 VMThread [stack: 0x0000000018840000,0x0000000018940000] [id=28792]
  0x0000000018b7e000 WatcherThread [stack: 0x0000000019640000,0x0000000019740000] [id=36944]

VM state:not at safepoint (normal execution)

VM Mutex/Monitor currently owned by a thread: None

Heap:
 PSYoungGen      total 105472K, used 54597K [0x00000000e0000000, 0x00000000e9800000, 0x0000000100000000)
  eden space 94208K, 46% used [0x00000000e0000000,0x00000000e2b32888,0x00000000e5c00000)
  from space 11264K, 92% used [0x00000000e5c00000,0x00000000e661eef0,0x00000000e6700000)
  to   space 11776K, 0% used [0x00000000e8c80000,0x00000000e8c80000,0x00000000e9800000)
 ParOldGen       total 112128K, used 16685K [0x00000000a0000000, 0x00000000a6d80000, 0x00000000e0000000)
  object space 112128K, 14% used [0x00000000a0000000,0x00000000a104b5b8,0x00000000a6d80000)
 Metaspace       used 45871K, capacity 46682K, committed 46896K, reserved 1089536K
  class space    used 6404K, capacity 6644K, committed 6704K, reserved 1048576K

Card table byte_map: [0x0000000012170000,0x0000000012480000] byte_map_base: 0x0000000011c70000

Marking Bits: (ParMarkBitMap*) 0x00000000634e0860
 Begin Bits: [0x0000000012e80000, 0x0000000014680000)
 End Bits:   [0x0000000014680000, 0x0000000015e80000)

Polling page: 0x00000000005e0000

CodeCache: size=245760Kb used=15118Kb max_used=15122Kb free=230641Kb
 bounds [0x0000000002db0000, 0x0000000003c90000, 0x0000000011db0000]
 total_blobs=5004 nmethods=4261 adapters=654
 compilation: enabled

Compilation events (10 events):
Event: 6.068 Thread 0x0000000018ade800 nmethod 4304 0x0000000003c736d0 code [0x0000000003c739a0, 0x0000000003c74db8]
Event: 6.068 Thread 0x0000000018ade800 4306       3       com.sun.org.apache.xerces.internal.util.PropertyState::<init> (15 bytes)
Event: 6.069 Thread 0x0000000018ade800 nmethod 4306 0x0000000003c70810 code [0x0000000003c70960, 0x0000000003c70b30]
Event: 6.069 Thread 0x0000000018ade800 4307       3       com.sun.org.apache.xerces.internal.util.PropertyState::is (12 bytes)
Event: 6.069 Thread 0x0000000018ade800 nmethod 4307 0x0000000003c70310 code [0x0000000003c70480, 0x0000000003c706f0]
Event: 6.069 Thread 0x0000000018ade800 4308       1       com.sun.org.apache.xerces.internal.impl.xs.SchemaGrammar::getTargetNamespace (5 bytes)
Event: 6.069 Thread 0x0000000018ade800 nmethod 4308 0x0000000003c604d0 code [0x0000000003c60620, 0x0000000003c60730]
Event: 6.069 Thread 0x0000000018ade800 4309       3       sun.nio.ch.Util::access$000 (4 bytes)
Event: 6.069 Thread 0x0000000018ade800 nmethod 4309 0x0000000003c6bb90 code [0x0000000003c6bce0, 0x0000000003c6be10]
Event: 6.069 Thread 0x0000000018ade800 4310       3       com.sun.org.apache.xerces.internal.impl.io.UTF8Reader::read (1443 bytes)

GC Heap History (10 events):
Event: 3.322 GC heap before
{Heap before GC invocations=5 (full 1):
 PSYoungGen      total 76288K, used 65536K [0x00000000e0000000, 0x00000000e5500000, 0x0000000100000000)
  eden space 65536K, 100% used [0x00000000e0000000,0x00000000e4000000,0x00000000e4000000)
  from space 10752K, 0% used [0x00000000e4000000,0x00000000e4000000,0x00000000e4a80000)
  to   space 10752K, 0% used [0x00000000e4a80000,0x00000000e4a80000,0x00000000e5500000)
 ParOldGen       total 112128K, used 9001K [0x00000000a0000000, 0x00000000a6d80000, 0x00000000e0000000)
  object space 112128K, 8% used [0x00000000a0000000,0x00000000a08ca6d0,0x00000000a6d80000)
 Metaspace       used 26479K, capacity 26962K, committed 27184K, reserved 1073152K
  class space    used 3731K, capacity 3874K, committed 3888K, reserved 1048576K
Event: 3.329 GC heap after
Heap after GC invocations=5 (full 1):
 PSYoungGen      total 76288K, used 7024K [0x00000000e0000000, 0x00000000e6f80000, 0x0000000100000000)
  eden space 65536K, 0% used [0x00000000e0000000,0x00000000e0000000,0x00000000e4000000)
  from space 10752K, 65% used [0x00000000e4a80000,0x00000000e515c3f8,0x00000000e5500000)
  to   space 10752K, 0% used [0x00000000e4000000,0x00000000e4000000,0x00000000e4a80000)
 ParOldGen       total 112128K, used 9009K [0x00000000a0000000, 0x00000000a6d80000, 0x00000000e0000000)
  object space 112128K, 8% used [0x00000000a0000000,0x00000000a08cc6d0,0x00000000a6d80000)
 Metaspace       used 26479K, capacity 26962K, committed 27184K, reserved 1073152K
  class space    used 3731K, capacity 3874K, committed 3888K, reserved 1048576K
}
Event: 4.098 GC heap before
{Heap before GC invocations=6 (full 1):
 PSYoungGen      total 76288K, used 72560K [0x00000000e0000000, 0x00000000e6f80000, 0x0000000100000000)
  eden space 65536K, 100% used [0x00000000e0000000,0x00000000e4000000,0x00000000e4000000)
  from space 10752K, 65% used [0x00000000e4a80000,0x00000000e515c3f8,0x00000000e5500000)
  to   space 10752K, 0% used [0x00000000e4000000,0x00000000e4000000,0x00000000e4a80000)
 ParOldGen       total 112128K, used 9009K [0x00000000a0000000, 0x00000000a6d80000, 0x00000000e0000000)
  object space 112128K, 8% used [0x00000000a0000000,0x00000000a08cc6d0,0x00000000a6d80000)
 Metaspace       used 29866K, capacity 30272K, committed 30512K, reserved 1075200K
  class space    used 4276K, capacity 4399K, committed 4400K, reserved 1048576K
Event: 4.112 GC heap after
Heap after GC invocations=6 (full 1):
 PSYoungGen      total 76288K, used 8845K [0x00000000e0000000, 0x00000000e7180000, 0x0000000100000000)
  eden space 65536K, 0% used [0x00000000e0000000,0x00000000e0000000,0x00000000e4000000)
  from space 10752K, 82% used [0x00000000e4000000,0x00000000e48a3628,0x00000000e4a80000)
  to   space 10752K, 0% used [0x00000000e6700000,0x00000000e6700000,0x00000000e7180000)
 ParOldGen       total 112128K, used 9009K [0x00000000a0000000, 0x00000000a6d80000, 0x00000000e0000000)
  object space 112128K, 8% used [0x00000000a0000000,0x00000000a08cc6d0,0x00000000a6d80000)
 Metaspace       used 29866K, capacity 30272K, committed 30512K, reserved 1075200K
  class space    used 4276K, capacity 4399K, committed 4400K, reserved 1048576K
}
Event: 4.545 GC heap before
{Heap before GC invocations=7 (full 1):
 PSYoungGen      total 76288K, used 35246K [0x00000000e0000000, 0x00000000e7180000, 0x0000000100000000)
  eden space 65536K, 40% used [0x00000000e0000000,0x00000000e19c82b8,0x00000000e4000000)
  from space 10752K, 82% used [0x00000000e4000000,0x00000000e48a3628,0x00000000e4a80000)
  to   space 10752K, 0% used [0x00000000e6700000,0x00000000e6700000,0x00000000e7180000)
 ParOldGen       total 112128K, used 9009K [0x00000000a0000000, 0x00000000a6d80000, 0x00000000e0000000)
  object space 112128K, 8% used [0x00000000a0000000,0x00000000a08cc6d0,0x00000000a6d80000)
 Metaspace       used 34812K, capacity 35294K, committed 35496K, reserved 1079296K
  class space    used 4898K, capacity 5081K, committed 5168K, reserved 1048576K
Event: 4.553 GC heap after
Heap after GC invocations=7 (full 1):
 PSYoungGen      total 104960K, used 9609K [0x00000000e0000000, 0x00000000e7400000, 0x0000000100000000)
  eden space 94208K, 0% used [0x00000000e0000000,0x00000000e0000000,0x00000000e5c00000)
  from space 10752K, 89% used [0x00000000e6700000,0x00000000e7062420,0x00000000e7180000)
  to   space 11264K, 0% used [0x00000000e5c00000,0x00000000e5c00000,0x00000000e6700000)
 ParOldGen       total 112128K, used 9017K [0x00000000a0000000, 0x00000000a6d80000, 0x00000000e0000000)
  object space 112128K, 8% used [0x00000000a0000000,0x00000000a08ce6d0,0x00000000a6d80000)
 Metaspace       used 34812K, capacity 35294K, committed 35496K, reserved 1079296K
  class space    used 4898K, capacity 5081K, committed 5168K, reserved 1048576K
}
Event: 4.553 GC heap before
{Heap before GC invocations=8 (full 2):
 PSYoungGen      total 104960K, used 9609K [0x00000000e0000000, 0x00000000e7400000, 0x0000000100000000)
  eden space 94208K, 0% used [0x00000000e0000000,0x00000000e0000000,0x00000000e5c00000)
  from space 10752K, 89% used [0x00000000e6700000,0x00000000e7062420,0x00000000e7180000)
  to   space 11264K, 0% used [0x00000000e5c00000,0x00000000e5c00000,0x00000000e6700000)
 ParOldGen       total 112128K, used 9017K [0x00000000a0000000, 0x00000000a6d80000, 0x00000000e0000000)
  object space 112128K, 8% used [0x00000000a0000000,0x00000000a08ce6d0,0x00000000a6d80000)
 Metaspace       used 34812K, capacity 35294K, committed 35496K, reserved 1079296K
  class space    used 4898K, capacity 5081K, committed 5168K, reserved 1048576K
Event: 4.601 GC heap after
Heap after GC invocations=8 (full 2):
 PSYoungGen      total 104960K, used 0K [0x00000000e0000000, 0x00000000e7400000, 0x0000000100000000)
  eden space 94208K, 0% used [0x00000000e0000000,0x00000000e0000000,0x00000000e5c00000)
  from space 10752K, 0% used [0x00000000e6700000,0x00000000e6700000,0x00000000e7180000)
  to   space 11264K, 0% used [0x00000000e5c00000,0x00000000e5c00000,0x00000000e6700000)
 ParOldGen       total 112128K, used 16677K [0x00000000a0000000, 0x00000000a6d80000, 0x00000000e0000000)
  object space 112128K, 14% used [0x00000000a0000000,0x00000000a10495b8,0x00000000a6d80000)
 Metaspace       used 34812K, capacity 35294K, committed 35496K, reserved 1079296K
  class space    used 4898K, capacity 5081K, committed 5168K, reserved 1048576K
}
Event: 5.524 GC heap before
{Heap before GC invocations=9 (full 2):
 PSYoungGen      total 104960K, used 94208K [0x00000000e0000000, 0x00000000e7400000, 0x0000000100000000)
  eden space 94208K, 100% used [0x00000000e0000000,0x00000000e5c00000,0x00000000e5c00000)
  from space 10752K, 0% used [0x00000000e6700000,0x00000000e6700000,0x00000000e7180000)
  to   space 11264K, 0% used [0x00000000e5c00000,0x00000000e5c00000,0x00000000e6700000)
 ParOldGen       total 112128K, used 16677K [0x00000000a0000000, 0x00000000a6d80000, 0x00000000e0000000)
  object space 112128K, 14% used [0x00000000a0000000,0x00000000a10495b8,0x00000000a6d80000)
 Metaspace       used 40125K, capacity 40860K, committed 41264K, reserved 1085440K
  class space    used 5597K, capacity 5815K, committed 5936K, reserved 1048576K
Event: 5.534 GC heap after
Heap after GC invocations=9 (full 2):
 PSYoungGen      total 105472K, used 10363K [0x00000000e0000000, 0x00000000e9800000, 0x0000000100000000)
  eden space 94208K, 0% used [0x00000000e0000000,0x00000000e0000000,0x00000000e5c00000)
  from space 11264K, 92% used [0x00000000e5c00000,0x00000000e661eef0,0x00000000e6700000)
  to   space 11776K, 0% used [0x00000000e8c80000,0x00000000e8c80000,0x00000000e9800000)
 ParOldGen       total 112128K, used 16685K [0x00000000a0000000, 0x00000000a6d80000, 0x00000000e0000000)
  object space 112128K, 14% used [0x00000000a0000000,0x00000000a104b5b8,0x00000000a6d80000)
 Metaspace       used 40125K, capacity 40860K, committed 41264K, reserved 1085440K
  class space    used 5597K, capacity 5815K, committed 5936K, reserved 1048576K
}

Deoptimization events (10 events):
Event: 5.109 Thread 0x000000001a00b800 Uncommon trap: reason=unstable_if action=reinterpret pc=0x000000000391bc50 method=java.security.CodeSource.matchCerts(Ljava/security/CodeSource;Z)Z @ 11
Event: 5.137 Thread 0x000000001a00b800 Uncommon trap: reason=unstable_if action=reinterpret pc=0x000000000392c080 method=java.util.LinkedHashMap.get(Ljava/lang/Object;)Ljava/lang/Object; @ 20
Event: 5.180 Thread 0x000000001a00b800 Uncommon trap: reason=unstable_if action=reinterpret pc=0x00000000038ebc08 method=java.security.CodeSource.matchCerts(Ljava/security/CodeSource;Z)Z @ 11
Event: 5.855 Thread 0x000000001a00b800 Uncommon trap: reason=bimorphic action=maybe_recompile pc=0x0000000003315514 method=java.io.DataInputStream.readFully([BII)V @ 34
Event: 5.855 Thread 0x000000001a00b800 Uncommon trap: reason=bimorphic action=maybe_recompile pc=0x0000000003315514 method=java.io.DataInputStream.readFully([BII)V @ 34
Event: 5.855 Thread 0x000000001a00b800 Uncommon trap: reason=bimorphic action=maybe_recompile pc=0x0000000003315514 method=java.io.DataInputStream.readFully([BII)V @ 34
Event: 5.855 Thread 0x000000001a00b800 Uncommon trap: reason=bimorphic action=maybe_recompile pc=0x0000000003315514 method=java.io.DataInputStream.readFully([BII)V @ 34
Event: 5.911 Thread 0x000000001a00b800 Uncommon trap: reason=unstable_if action=reinterpret pc=0x0000000003c16dfc method=java.io.DataInputStream.readUTF(Ljava/io/DataInput;)Ljava/lang/String; @ 31
Event: 6.029 Thread 0x000000001a00b800 Uncommon trap: reason=unstable_if action=reinterpret pc=0x00000000039c1a0c method=java.util.regex.Pattern$BmpCharProperty.match(Ljava/util/regex/Matcher;ILjava/lang/CharSequence;)Z @ 34
Event: 6.029 Thread 0x000000001a00b800 Uncommon trap: reason=unstable_if action=reinterpret pc=0x000000000362c9e8 method=java.util.regex.Pattern$BmpCharProperty.match(Ljava/util/regex/Matcher;ILjava/lang/CharSequence;)Z @ 34

Classes redefined (0 events):
No events

Internal exceptions (10 events):
Event: 5.682 Thread 0x000000001a00b800 Exception <a 'sun/nio/fs/WindowsException'> (0x00000000e0d76e88) thrown at [C:\re\workspace\8-2-build-windows-amd64-cygwin\jdk8u162\10278\hotspot\src\share\vm\prims\jni.cpp, line 709]
Event: 5.682 Thread 0x000000001a00b800 Exception <a 'sun/nio/fs/WindowsException'> (0x00000000e0d77a68) thrown at [C:\re\workspace\8-2-build-windows-amd64-cygwin\jdk8u162\10278\hotspot\src\share\vm\prims\jni.cpp, line 709]
Event: 5.682 Thread 0x000000001a00b800 Exception <a 'sun/nio/fs/WindowsException'> (0x00000000e0d79680) thrown at [C:\re\workspace\8-2-build-windows-amd64-cygwin\jdk8u162\10278\hotspot\src\share\vm\prims\jni.cpp, line 709]
Event: 5.682 Thread 0x000000001a00b800 Exception <a 'sun/nio/fs/WindowsException'> (0x00000000e0d7a2a0) thrown at [C:\re\workspace\8-2-build-windows-amd64-cygwin\jdk8u162\10278\hotspot\src\share\vm\prims\jni.cpp, line 709]
Event: 5.683 Thread 0x000000001a00b800 Exception <a 'sun/nio/fs/WindowsException'> (0x00000000e0d7d0e8) thrown at [C:\re\workspace\8-2-build-windows-amd64-cygwin\jdk8u162\10278\hotspot\src\share\vm\prims\jni.cpp, line 709]
Event: 5.683 Thread 0x000000001a00b800 Exception <a 'sun/nio/fs/WindowsException'> (0x00000000e0d7dda8) thrown at [C:\re\workspace\8-2-build-windows-amd64-cygwin\jdk8u162\10278\hotspot\src\share\vm\prims\jni.cpp, line 709]
Event: 5.683 Thread 0x000000001a00b800 Exception <a 'sun/nio/fs/WindowsException'> (0x00000000e0d7fab0) thrown at [C:\re\workspace\8-2-build-windows-amd64-cygwin\jdk8u162\10278\hotspot\src\share\vm\prims\jni.cpp, line 709]
Event: 5.683 Thread 0x000000001a00b800 Exception <a 'sun/nio/fs/WindowsException'> (0x00000000e0d807a8) thrown at [C:\re\workspace\8-2-build-windows-amd64-cygwin\jdk8u162\10278\hotspot\src\share\vm\prims\jni.cpp, line 709]
Event: 5.688 Thread 0x000000001a00b800 Exception <a 'java/lang/ClassNotFoundException': com/sun/org/glassfish/hk2/osgiresourcelocator/ServiceLoader> (0x00000000e0dd84a8) thrown at [C:\re\workspace\8-2-build-windows-amd64-cygwin\jdk8u162\10278\hotspot\src\share\vm\classfile\systemDictionary.cpp
Event: 5.722 Thread 0x000000001a00b800 Exception <a 'java/lang/NullPointerException'> (0x00000000e1256b90) thrown at [C:\re\workspace\8-2-build-windows-amd64-cygwin\jdk8u162\10278\hotspot\src\share\vm\interpreter\linkResolver.cpp, line 1287]

Events (10 events):
Event: 6.061 loading class com/sun/org/apache/xerces/internal/impl/xpath/regex/RegularExpression$ClosureContext
Event: 6.061 loading class com/sun/org/apache/xerces/internal/impl/xpath/regex/RegularExpression$ClosureContext done
Event: 6.061 loading class com/sun/xml/bind/DatatypeConverterImpl
Event: 6.061 loading class com/sun/xml/bind/DatatypeConverterImpl done
Event: 6.062 loading class javax/xml/bind/DatatypeConverterInterface
Event: 6.062 loading class javax/xml/bind/DatatypeConverterInterface done
Event: 6.062 loading class javax/xml/datatype/DatatypeConfigurationException
Event: 6.062 loading class javax/xml/datatype/DatatypeConfigurationException done
Event: 6.064 loading class com/sun/xml/bind/v2/runtime/unmarshaller/DefaultIDResolver$1
Event: 6.064 loading class com/sun/xml/bind/v2/runtime/unmarshaller/DefaultIDResolver$1 done


Dynamic libraries:
0x00007ff738b80000 - 0x00007ff738bb7000 	C:\Program Files\Java\jdk1.8.0_162\bin\java.exe
0x00007ffa62cc0000 - 0x00007ffa62ea1000 	C:\WINDOWS\SYSTEM32\ntdll.dll
0x00007ffa606d0000 - 0x00007ffa60782000 	C:\WINDOWS\System32\KERNEL32.DLL
0x00007ffa5fca0000 - 0x00007ffa5ff13000 	C:\WINDOWS\System32\KERNELBASE.dll
0x00007ffa62be0000 - 0x00007ffa62c81000 	C:\WINDOWS\System32\ADVAPI32.dll
0x00007ffa622d0000 - 0x00007ffa6236e000 	C:\WINDOWS\System32\msvcrt.dll
0x00007ffa625e0000 - 0x00007ffa6263b000 	C:\WINDOWS\System32\sechost.dll
0x00007ffa60150000 - 0x00007ffa60274000 	C:\WINDOWS\System32\RPCRT4.dll
0x00007ffa603b0000 - 0x00007ffa60540000 	C:\WINDOWS\System32\USER32.dll
0x00007ffa60130000 - 0x00007ffa60150000 	C:\WINDOWS\System32\win32u.dll
0x00007ffa62370000 - 0x00007ffa62398000 	C:\WINDOWS\System32\GDI32.dll
0x00007ffa5fb00000 - 0x00007ffa5fc92000 	C:\WINDOWS\System32\gdi32full.dll
0x00007ffa5f7a0000 - 0x00007ffa5f83f000 	C:\WINDOWS\System32\msvcp_win.dll
0x00007ffa5ff20000 - 0x00007ffa6001a000 	C:\WINDOWS\System32\ucrtbase.dll
0x00007ffa4ef90000 - 0x00007ffa4f1f9000 	C:\WINDOWS\WinSxS\amd64_microsoft.windows.common-controls_6595b64144ccf1df_6.0.17134.286_none_fb43982d306480cc\COMCTL32.dll
0x00007ffa61de0000 - 0x00007ffa62103000 	C:\WINDOWS\System32\combase.dll
0x00007ffa5f840000 - 0x00007ffa5f8ba000 	C:\WINDOWS\System32\bcryptPrimitives.dll
0x00007ffa625b0000 - 0x00007ffa625dd000 	C:\WINDOWS\System32\IMM32.DLL
0x0000000063560000 - 0x0000000063631000 	C:\Program Files\Java\jdk1.8.0_162\jre\bin\msvcr100.dll
0x0000000062cc0000 - 0x0000000063560000 	C:\Program Files\Java\jdk1.8.0_162\jre\bin\server\jvm.dll
0x00007ffa60330000 - 0x00007ffa60338000 	C:\WINDOWS\System32\PSAPI.DLL
0x00007ffa51280000 - 0x00007ffa5128a000 	C:\WINDOWS\SYSTEM32\VERSION.dll
0x00007ffa48ac0000 - 0x00007ffa48ac9000 	C:\WINDOWS\SYSTEM32\WSOCK32.dll
0x00007ffa5bbd0000 - 0x00007ffa5bbf3000 	C:\WINDOWS\SYSTEM32\WINMM.dll
0x00007ffa61bd0000 - 0x00007ffa61c3c000 	C:\WINDOWS\System32\WS2_32.dll
0x00007ffa5bba0000 - 0x00007ffa5bbca000 	C:\WINDOWS\SYSTEM32\WINMMBASE.dll
0x00007ffa5fab0000 - 0x00007ffa5faf9000 	C:\WINDOWS\System32\cfgmgr32.dll
0x0000000062cb0000 - 0x0000000062cbf000 	C:\Program Files\Java\jdk1.8.0_162\jre\bin\verify.dll
0x0000000062c80000 - 0x0000000062ca9000 	C:\Program Files\Java\jdk1.8.0_162\jre\bin\java.dll
0x0000000062c60000 - 0x0000000062c76000 	C:\Program Files\Java\jdk1.8.0_162\jre\bin\zip.dll
0x00007ffa60790000 - 0x00007ffa61bd0000 	C:\WINDOWS\System32\SHELL32.dll
0x00007ffa60280000 - 0x00007ffa60329000 	C:\WINDOWS\System32\shcore.dll
0x00007ffa5f090000 - 0x00007ffa5f79d000 	C:\WINDOWS\System32\windows.storage.dll
0x00007ffa60340000 - 0x00007ffa60391000 	C:\WINDOWS\System32\shlwapi.dll
0x00007ffa5f070000 - 0x00007ffa5f081000 	C:\WINDOWS\System32\kernel.appcore.dll
0x00007ffa5f020000 - 0x00007ffa5f03f000 	C:\WINDOWS\System32\profapi.dll
0x00007ffa5efd0000 - 0x00007ffa5f01c000 	C:\WINDOWS\System32\powrprof.dll
0x00007ffa5f060000 - 0x00007ffa5f06a000 	C:\WINDOWS\System32\FLTLIB.DLL
0x0000000062c40000 - 0x0000000062c5a000 	C:\Program Files\Java\jdk1.8.0_162\jre\bin\net.dll
0x00007ffa5e850000 - 0x00007ffa5e8b6000 	C:\WINDOWS\system32\mswsock.dll
0x0000000062c20000 - 0x0000000062c31000 	C:\Program Files\Java\jdk1.8.0_162\jre\bin\nio.dll
0x00007ffa4e0f0000 - 0x00007ffa4e10e000 	C:\Users\xucan\.gradle\native\25\windows-amd64\native-platform.dll
0x00000000623c0000 - 0x00000000623cd000 	C:\Program Files\Java\jdk1.8.0_162\jre\bin\management.dll
0x00007ffa5ea00000 - 0x00007ffa5ea17000 	C:\WINDOWS\SYSTEM32\CRYPTSP.dll
0x00007ffa5e430000 - 0x00007ffa5e463000 	C:\WINDOWS\system32\rsaenh.dll
0x00007ffa5eb30000 - 0x00007ffa5eb55000 	C:\WINDOWS\SYSTEM32\bcrypt.dll
0x00007ffa5eed0000 - 0x00007ffa5eef8000 	C:\WINDOWS\SYSTEM32\USERENV.dll
0x00007ffa5ea20000 - 0x00007ffa5ea2b000 	C:\WINDOWS\SYSTEM32\CRYPTBASE.dll
0x00007ffa5e5d0000 - 0x00007ffa5e608000 	C:\WINDOWS\SYSTEM32\IPHLPAPI.DLL
0x00007ffa603a0000 - 0x00007ffa603a8000 	C:\WINDOWS\System32\NSI.dll
0x00007ffa590c0000 - 0x00007ffa590d6000 	C:\WINDOWS\SYSTEM32\dhcpcsvc6.DLL
0x00007ffa590a0000 - 0x00007ffa590ba000 	C:\WINDOWS\SYSTEM32\dhcpcsvc.DLL

VM Arguments:
jvm_args: -Xmx1536m -Dfile.encoding=GBK -Duser.country=CN -Duser.language=zh -Duser.variant 
java_command: org.gradle.launcher.daemon.bootstrap.GradleDaemon 4.4
java_class_path (initial): C:\Users\xucan\.gradle\wrapper\dists\gradle-4.4-all\9br9xq1tocpiv8o6njlyu5op1\gradle-4.4\lib\gradle-launcher-4.4.jar
Launcher Type: SUN_STANDARD

Environment Variables:
PATH=C:\Program Files (x86)\Common Files\Oracle\Java\javapath;C:\ProgramData\Oracle\Java\javapath;C:\Program Files (x86)\Intel\iCLS Client\;C:\Program Files\Intel\iCLS Client\;C:\Windows\system32;C:\Windows;C:\Windows\System32\Wbem;C:\Windows\System32\WindowsPowerShell\v1.0\;C:\Program Files (x86)\Intel\Intel(R) Management Engine Components\DAL;C:\Program Files\Intel\Intel(R) Management Engine Components\DAL;C:\Program Files (x86)\Intel\Intel(R) Management Engine Components\IPT;C:\Program Files\Intel\Intel(R) Management Engine Components\IPT;C:\Program Files (x86)\NVIDIA Corporation\PhysX\Common;C:\Program Files\Intel\WiFi\bin\;C:\Program Files\Common Files\Intel\WirelessCommon\;C:\WINDOWS\system32;C:\WINDOWS;C:\WINDOWS\System32\Wbem;C:\WINDOWS\System32\WindowsPowerShell\v1.0\;C:\Program Files\MiKTeX 2.9\miktex\bin\x64\;C:\Program Files\Git\cmd;C:\Users\xucan\AppData\Local\Microsoft\WindowsApps;C:\adb;C:\WINDOWS\system32;C:\WINDOWS;C:\WINDOWS\System32\Wbem;C:\WINDOWS\System32\WindowsPowerShell\v1.0\;C:\WINDOWS\System32\OpenSSH\;C:\Users\xucan\AppData\Local\Programs\Python\Python37-32\Scripts\;C:\Users\xucan\AppData\Local\Programs\Python\Python37-32\;C:\Users\xucan\AppData\Local\Programs\Python\Python36\Scripts\;C:\Users\xucan\AppData\Local\Programs\Python\Python36\;C:\Users\xucan\AppData\Local\Microsoft\WindowsApps;
USERNAME=xucan
OS=Windows_NT
PROCESSOR_IDENTIFIER=Intel64 Family 6 Model 142 Stepping 10, GenuineIntel



---------------  S Y S T E M  ---------------

OS: Windows 10.0 , 64 bit Build 17134 (10.0.17134.1)

CPU:total 8 (initial active 8) (4 cores per cpu, 2 threads per core) family 6 model 142 stepping 10, cmov, cx8, fxsr, mmx, sse, sse2, sse3, ssse3, sse4.1, sse4.2, popcnt, avx, avx2, aes, clmul, erms, 3dnowpref, lzcnt, ht, tsc, tscinvbit, bmi1, bmi2, adx

Memory: 4k page, physical 16658532k(3202888k free), swap 47761120k(5404k free)

vm_info: Java HotSpot(TM) 64-Bit Server VM (25.162-b12) for windows-amd64 JRE (1.8.0_162-b12), built on Dec 19 2017 20:00:03 by "java_re" with MS VC++ 10.0 (VS2010)

time: Thu Sep 27 13:40:37 2018
elapsed time: 6 seconds (0d 0h 0m 6s)

