#
# There is insufficient memory for the Java Runtime Environment to continue.
# Native memory allocation (malloc) failed to allocate 688816 bytes for Chunk::new
# Possible reasons:
#   The system is out of physical RAM or swap space
#   In 32 bit mode, the process size limit was hit
# Possible solutions:
#   Reduce memory load on the system
#   Increase physical memory or swap space
#   Check if swap backing store is full
#   Use 64 bit Java on a 64 bit OS
#   Decrease Java heap size (-Xmx/-Xms)
#   Decrease number of Java threads
#   Decrease Java thread stack sizes (-Xss)
#   Set larger code cache with -XX:ReservedCodeCacheSize=
# This output file may be truncated or incomplete.
#
#  Out of Memory Error (allocation.cpp:390), pid=17388, tid=0x00000000000044c8
#
# JRE version: Java(TM) SE Runtime Environment (8.0_162-b12) (build 1.8.0_162-b12)
# Java VM: Java HotSpot(TM) 64-Bit Server VM (25.162-b12 mixed mode windows-amd64 compressed oops)
# Failed to write core dump. Minidumps are not enabled by default on client versions of Windows
#

---------------  T H R E A D  ---------------

Current thread (0x0000000019036800):  JavaThread "C2 CompilerThread2" daemon [_thread_in_native, id=17608, stack(0x00000000198a0000,0x00000000199a0000)]

Stack: [0x00000000198a0000,0x00000000199a0000]
[error occurred during error reporting (printing stack bounds), id 0xc0000005]

Native frames: (J=compiled Java code, j=interpreted, Vv=VM code, C=native code)


Current CompileTask:
C2:   4147 3361   !   4       java.security.SecureClassLoader::getProtectionDomain (114 bytes)


---------------  P R O C E S S  ---------------

Java Threads: ( => current thread )
  0x000000001e0a6000 JavaThread "pool-1-thread-1" [_thread_blocked, id=30032, stack(0x0000000023290000,0x0000000023390000)]
  0x000000001e0a7000 JavaThread "build operations Thread 8" [_thread_blocked, id=19044, stack(0x0000000022f90000,0x0000000023090000)]
  0x000000001e0a7800 JavaThread "build operations Thread 7" [_thread_blocked, id=23404, stack(0x0000000022e90000,0x0000000022f90000)]
  0x000000001e0ac000 JavaThread "build operations Thread 6" [_thread_blocked, id=33964, stack(0x0000000022d90000,0x0000000022e90000)]
  0x000000001e0aa000 JavaThread "build operations Thread 5" [_thread_blocked, id=23472, stack(0x0000000022c90000,0x0000000022d90000)]
  0x000000001afa7000 JavaThread "build operations Thread 4" [_thread_blocked, id=14552, stack(0x0000000022b90000,0x0000000022c90000)]
  0x000000001afac000 JavaThread "build operations Thread 3" [_thread_blocked, id=21148, stack(0x0000000022a90000,0x0000000022b90000)]
  0x000000001afab800 JavaThread "build operations Thread 2" [_thread_blocked, id=14432, stack(0x0000000021210000,0x0000000021310000)]
  0x000000001afaa800 JavaThread "build operations" [_thread_blocked, id=36000, stack(0x000000001fc90000,0x000000001fd90000)]
  0x000000001afa6000 JavaThread "Cache worker for Artifact transforms cache (C:\Users\xucan\.gradle\caches\transforms-1)" [_thread_blocked, id=6664, stack(0x000000001fb90000,0x000000001fc90000)]
  0x000000001afaa000 JavaThread "Cache worker for file hash cache (C:\Users\xucan\OneDrive\Download\UWICIIT\SWEN3001\FlowText\.gradle\4.4\fileHashes)" [_thread_blocked, id=27812, stack(0x000000001d6f0000,0x000000001d7f0000)]
  0x000000001afad000 JavaThread "File lock request listener" [_thread_in_native, id=12528, stack(0x000000001c620000,0x000000001c720000)]
  0x000000001afa7800 JavaThread "Cache worker for file hash cache (C:\Users\xucan\.gradle\caches\4.4\fileHashes)" [_thread_blocked, id=32188, stack(0x000000001c520000,0x000000001c620000)]
  0x000000001ae85000 JavaThread "Stdin handler" [_thread_blocked, id=6936, stack(0x000000001c220000,0x000000001c320000)]
  0x000000001ae5b000 JavaThread "Asynchronous log dispatcher for DefaultDaemonConnection: socket connection from /127.0.0.1:14345 to /127.0.0.1:14346" [_thread_blocked, id=23408, stack(0x000000001c120000,0x000000001c220000)]
  0x000000001ac27800 JavaThread "Daemon worker" [_thread_in_vm, id=17572, stack(0x000000001bf20000,0x000000001c020000)]
  0x000000001ac24800 JavaThread "Cancel handler" [_thread_blocked, id=9304, stack(0x000000001be20000,0x000000001bf20000)]
  0x000000001adaf800 JavaThread "Handler for socket connection from /127.0.0.1:14345 to /127.0.0.1:14346" [_thread_in_native, id=30112, stack(0x000000001bb20000,0x000000001bc20000)]
  0x000000001adae800 JavaThread "Daemon" [_thread_blocked, id=24460, stack(0x000000001ba20000,0x000000001bb20000)]
  0x000000001ac08800 JavaThread "Daemon periodic checks" [_thread_blocked, id=36708, stack(0x000000001b920000,0x000000001ba20000)]
  0x000000001abff000 JavaThread "Incoming local TCP Connector on port 14345" [_thread_in_native, id=29520, stack(0x000000001b770000,0x000000001b870000)]
  0x000000001aad3800 JavaThread "Daemon health stats" [_thread_blocked, id=12112, stack(0x000000001b670000,0x000000001b770000)]
  0x00000000190dc800 JavaThread "Service Thread" daemon [_thread_blocked, id=29532, stack(0x0000000019aa0000,0x0000000019ba0000)]
  0x0000000019047000 JavaThread "C1 CompilerThread3" daemon [_thread_blocked, id=34280, stack(0x00000000199a0000,0x0000000019aa0000)]
=>0x0000000019036800 JavaThread "C2 CompilerThread2" daemon [_thread_in_native, id=17608, stack(0x00000000198a0000,0x00000000199a0000)]
  0x0000000019035800 JavaThread "C2 CompilerThread1" daemon [_thread_blocked, id=21168, stack(0x00000000197a0000,0x00000000198a0000)]
  0x000000001902e000 JavaThread "C2 CompilerThread0" daemon [_thread_blocked, id=996, stack(0x00000000196a0000,0x00000000197a0000)]
  0x000000001902c000 JavaThread "Attach Listener" daemon [_thread_blocked, id=26160, stack(0x00000000195a0000,0x00000000196a0000)]
  0x0000000018fd9000 JavaThread "Signal Dispatcher" daemon [_thread_blocked, id=26536, stack(0x00000000194a0000,0x00000000195a0000)]
  0x0000000018fc0800 JavaThread "Finalizer" daemon [_thread_blocked, id=22828, stack(0x00000000193a0000,0x00000000194a0000)]
  0x00000000170ad800 JavaThread "Reference Handler" daemon [_thread_blocked, id=31400, stack(0x0000000018ea0000,0x0000000018fa0000)]
  0x00000000031f2800 JavaThread "main" [_thread_blocked, id=23868, stack(0x00000000030f0000,0x00000000031f0000)]

Other Threads:
  0x00000000170a8800 VMThread [stack: 0x0000000018da0000,0x0000000018ea0000] [id=18744]
  0x00000000190e9000 WatcherThread [stack: 0x0000000019ba0000,0x0000000019ca0000] [id=13960]

VM state:not at safepoint (normal execution)

VM Mutex/Monitor currently owned by a thread: None

Heap:
 PSYoungGen      total 146944K, used 9070K [0x00000000e0000000, 0x00000000ed800000, 0x0000000100000000)
  eden space 133120K, 6% used [0x00000000e0000000,0x00000000e08db9b0,0x00000000e8200000)
  from space 13824K, 0% used [0x00000000e8f00000,0x00000000e8f00000,0x00000000e9c80000)
  to   space 13312K, 0% used [0x00000000e8200000,0x00000000e8200000,0x00000000e8f00000)
 ParOldGen       total 111104K, used 16975K [0x00000000a0000000, 0x00000000a6c80000, 0x00000000e0000000)
  object space 111104K, 15% used [0x00000000a0000000,0x00000000a1093fd8,0x00000000a6c80000)
 Metaspace       used 35695K, capacity 36536K, committed 36864K, reserved 1081344K
  class space    used 5059K, capacity 5291K, committed 5376K, reserved 1048576K

Card table byte_map: [0x00000000126b0000,0x00000000129c0000] byte_map_base: 0x00000000121b0000

Marking Bits: (ParMarkBitMap*) 0x00000000634e0860
 Begin Bits: [0x00000000133c0000, 0x0000000014bc0000)
 End Bits:   [0x0000000014bc0000, 0x00000000163c0000)

Polling page: 0x0000000000f80000

CodeCache: size=245760Kb used=12073Kb max_used=12087Kb free=233686Kb
 bounds [0x00000000032f0000, 0x0000000003ed0000, 0x00000000122f0000]
 total_blobs=4067 nmethods=3364 adapters=614
 compilation: enabled

Compilation events (10 events):
Event: 4.116 Thread 0x0000000019047000 3364       3       com.google.common.collect.MapMakerInternalMap$EntryFactory::copyEntry (19 bytes)
Event: 4.116 Thread 0x0000000019047000 nmethod 3364 0x0000000003ea8850 code [0x0000000003ea89e0, 0x0000000003ea8da8]
Event: 4.117 Thread 0x000000001902e000 nmethod 3362 0x0000000003eaaad0 code [0x0000000003eaac00, 0x0000000003eaacb8]
Event: 4.117 Thread 0x0000000019047000 3365       1       com.google.common.collect.MapMakerInternalMap$1::clear (1 bytes)
Event: 4.117 Thread 0x0000000019047000 nmethod 3365 0x0000000003eb7510 code [0x0000000003eb7660, 0x0000000003eb7770]
Event: 4.117 Thread 0x000000001902e000 3366       4       sun.net.www.protocol.file.Handler::hostsEqual (69 bytes)
Event: 4.121 Thread 0x0000000019047000 3367       3       com.google.common.collect.MapMakerInternalMap$WeakValueReference::<init> (12 bytes)
Event: 4.121 Thread 0x0000000019047000 nmethod 3367 0x0000000003eb6f10 code [0x0000000003eb7080, 0x0000000003eb73b0]
Event: 4.121 Thread 0x0000000019047000 3368       3       com.google.common.collect.MapMakerInternalMap$WeakValueReference::copyFor (11 bytes)
Event: 4.121 Thread 0x0000000019047000 nmethod 3368 0x0000000003eb6790 code [0x0000000003eb6920, 0x0000000003eb6d10]

GC Heap History (10 events):
Event: 2.127 GC heap before
{Heap before GC invocations=4 (full 1):
 PSYoungGen      total 76288K, used 9506K [0x00000000e0000000, 0x00000000e9500000, 0x0000000100000000)
  eden space 65536K, 0% used [0x00000000e0000000,0x00000000e0000000,0x00000000e4000000)
  from space 10752K, 88% used [0x00000000e4000000,0x00000000e4948800,0x00000000e4a80000)
  to   space 10752K, 0% used [0x00000000e8a80000,0x00000000e8a80000,0x00000000e9500000)
 ParOldGen       total 175104K, used 32K [0x00000000a0000000, 0x00000000aab00000, 0x00000000e0000000)
  object space 175104K, 0% used [0x00000000a0000000,0x00000000a0008000,0x00000000aab00000)
 Metaspace       used 20712K, capacity 21170K, committed 21296K, reserved 1067008K
  class space    used 2960K, capacity 3136K, committed 3200K, reserved 1048576K
Event: 2.160 GC heap after
Heap after GC invocations=4 (full 1):
 PSYoungGen      total 76288K, used 0K [0x00000000e0000000, 0x00000000e9500000, 0x0000000100000000)
  eden space 65536K, 0% used [0x00000000e0000000,0x00000000e0000000,0x00000000e4000000)
  from space 10752K, 0% used [0x00000000e4000000,0x00000000e4000000,0x00000000e4a80000)
  to   space 10752K, 0% used [0x00000000e8a80000,0x00000000e8a80000,0x00000000e9500000)
 ParOldGen       total 111104K, used 9136K [0x00000000a0000000, 0x00000000a6c80000, 0x00000000e0000000)
  object space 111104K, 8% used [0x00000000a0000000,0x00000000a08ec308,0x00000000a6c80000)
 Metaspace       used 20712K, capacity 21170K, committed 21296K, reserved 1067008K
  class space    used 2960K, capacity 3136K, committed 3200K, reserved 1048576K
}
Event: 2.694 GC heap before
{Heap before GC invocations=5 (full 1):
 PSYoungGen      total 76288K, used 65536K [0x00000000e0000000, 0x00000000e9500000, 0x0000000100000000)
  eden space 65536K, 100% used [0x00000000e0000000,0x00000000e4000000,0x00000000e4000000)
  from space 10752K, 0% used [0x00000000e4000000,0x00000000e4000000,0x00000000e4a80000)
  to   space 10752K, 0% used [0x00000000e8a80000,0x00000000e8a80000,0x00000000e9500000)
 ParOldGen       total 111104K, used 9136K [0x00000000a0000000, 0x00000000a6c80000, 0x00000000e0000000)
  object space 111104K, 8% used [0x00000000a0000000,0x00000000a08ec308,0x00000000a6c80000)
 Metaspace       used 26038K, capacity 26658K, committed 26752K, reserved 1073152K
  class space    used 3728K, capacity 3934K, committed 3968K, reserved 1048576K
Event: 2.700 GC heap after
Heap after GC invocations=5 (full 1):
 PSYoungGen      total 101376K, used 6674K [0x00000000e0000000, 0x00000000e9180000, 0x0000000100000000)
  eden space 94208K, 0% used [0x00000000e0000000,0x00000000e0000000,0x00000000e5c00000)
  from space 7168K, 93% used [0x00000000e8a80000,0x00000000e9104bb8,0x00000000e9180000)
  to   space 10752K, 0% used [0x00000000e7c80000,0x00000000e7c80000,0x00000000e8700000)
 ParOldGen       total 111104K, used 9144K [0x00000000a0000000, 0x00000000a6c80000, 0x00000000e0000000)
  object space 111104K, 8% used [0x00000000a0000000,0x00000000a08ee308,0x00000000a6c80000)
 Metaspace       used 26038K, capacity 26658K, committed 26752K, reserved 1073152K
  class space    used 3728K, capacity 3934K, committed 3968K, reserved 1048576K
}
Event: 3.897 GC heap before
{Heap before GC invocations=6 (full 1):
 PSYoungGen      total 101376K, used 100882K [0x00000000e0000000, 0x00000000e9180000, 0x0000000100000000)
  eden space 94208K, 100% used [0x00000000e0000000,0x00000000e5c00000,0x00000000e5c00000)
  from space 7168K, 93% used [0x00000000e8a80000,0x00000000e9104bb8,0x00000000e9180000)
  to   space 10752K, 0% used [0x00000000e7c80000,0x00000000e7c80000,0x00000000e8700000)
 ParOldGen       total 111104K, used 9144K [0x00000000a0000000, 0x00000000a6c80000, 0x00000000e0000000)
  object space 111104K, 8% used [0x00000000a0000000,0x00000000a08ee308,0x00000000a6c80000)
 Metaspace       used 31467K, capacity 32198K, committed 32512K, reserved 1077248K
  class space    used 4508K, capacity 4757K, committed 4864K, reserved 1048576K
Event: 3.905 GC heap after
Heap after GC invocations=6 (full 1):
 PSYoungGen      total 138240K, used 10748K [0x00000000e0000000, 0x00000000e9c80000, 0x0000000100000000)
  eden space 127488K, 0% used [0x00000000e0000000,0x00000000e0000000,0x00000000e7c80000)
  from space 10752K, 99% used [0x00000000e7c80000,0x00000000e86ff190,0x00000000e8700000)
  to   space 13824K, 0% used [0x00000000e8f00000,0x00000000e8f00000,0x00000000e9c80000)
 ParOldGen       total 111104K, used 10862K [0x00000000a0000000, 0x00000000a6c80000, 0x00000000e0000000)
  object space 111104K, 9% used [0x00000000a0000000,0x00000000a0a9b818,0x00000000a6c80000)
 Metaspace       used 31467K, capacity 32198K, committed 32512K, reserved 1077248K
  class space    used 4508K, capacity 4757K, committed 4864K, reserved 1048576K
}
Event: 4.044 GC heap before
{Heap before GC invocations=7 (full 1):
 PSYoungGen      total 138240K, used 25423K [0x00000000e0000000, 0x00000000e9c80000, 0x0000000100000000)
  eden space 127488K, 11% used [0x00000000e0000000,0x00000000e0e54d98,0x00000000e7c80000)
  from space 10752K, 99% used [0x00000000e7c80000,0x00000000e86ff190,0x00000000e8700000)
  to   space 13824K, 0% used [0x00000000e8f00000,0x00000000e8f00000,0x00000000e9c80000)
 ParOldGen       total 111104K, used 10862K [0x00000000a0000000, 0x00000000a6c80000, 0x00000000e0000000)
  object space 111104K, 9% used [0x00000000a0000000,0x00000000a0a9b818,0x00000000a6c80000)
 Metaspace       used 34517K, capacity 35334K, committed 35456K, reserved 1079296K
  class space    used 4937K, capacity 5188K, committed 5248K, reserved 1048576K
Event: 4.050 GC heap after
Heap after GC invocations=7 (full 1):
 PSYoungGen      total 146944K, used 10281K [0x00000000e0000000, 0x00000000ed800000, 0x0000000100000000)
  eden space 133120K, 0% used [0x00000000e0000000,0x00000000e0000000,0x00000000e8200000)
  from space 13824K, 74% used [0x00000000e8f00000,0x00000000e990a6c0,0x00000000e9c80000)
  to   space 13312K, 0% used [0x00000000e8200000,0x00000000e8200000,0x00000000e8f00000)
 ParOldGen       total 111104K, used 10870K [0x00000000a0000000, 0x00000000a6c80000, 0x00000000e0000000)
  object space 111104K, 9% used [0x00000000a0000000,0x00000000a0a9d818,0x00000000a6c80000)
 Metaspace       used 34517K, capacity 35334K, committed 35456K, reserved 1079296K
  class space    used 4937K, capacity 5188K, committed 5248K, reserved 1048576K
}
Event: 4.050 GC heap before
{Heap before GC invocations=8 (full 2):
 PSYoungGen      total 146944K, used 10281K [0x00000000e0000000, 0x00000000ed800000, 0x0000000100000000)
  eden space 133120K, 0% used [0x00000000e0000000,0x00000000e0000000,0x00000000e8200000)
  from space 13824K, 74% used [0x00000000e8f00000,0x00000000e990a6c0,0x00000000e9c80000)
  to   space 13312K, 0% used [0x00000000e8200000,0x00000000e8200000,0x00000000e8f00000)
 ParOldGen       total 111104K, used 10870K [0x00000000a0000000, 0x00000000a6c80000, 0x00000000e0000000)
  object space 111104K, 9% used [0x00000000a0000000,0x00000000a0a9d818,0x00000000a6c80000)
 Metaspace       used 34517K, capacity 35334K, committed 35456K, reserved 1079296K
  class space    used 4937K, capacity 5188K, committed 5248K, reserved 1048576K
Event: 4.086 GC heap after
Heap after GC invocations=8 (full 2):
 PSYoungGen      total 146944K, used 0K [0x00000000e0000000, 0x00000000ed800000, 0x0000000100000000)
  eden space 133120K, 0% used [0x00000000e0000000,0x00000000e0000000,0x00000000e8200000)
  from space 13824K, 0% used [0x00000000e8f00000,0x00000000e8f00000,0x00000000e9c80000)
  to   space 13312K, 0% used [0x00000000e8200000,0x00000000e8200000,0x00000000e8f00000)
 ParOldGen       total 111104K, used 16975K [0x00000000a0000000, 0x00000000a6c80000, 0x00000000e0000000)
  object space 111104K, 15% used [0x00000000a0000000,0x00000000a1093fd8,0x00000000a6c80000)
 Metaspace       used 34517K, capacity 35334K, committed 35456K, reserved 1079296K
  class space    used 4937K, capacity 5188K, committed 5248K, reserved 1048576K
}

Deoptimization events (10 events):
Event: 3.642 Thread 0x000000001ac27800 Uncommon trap: reason=range_check action=make_not_entrant pc=0x0000000003d239e0 method=java.lang.String.charAt(I)C @ 27
Event: 3.681 Thread 0x000000001ac27800 Uncommon trap: reason=unstable_if action=reinterpret pc=0x00000000035d8b8c method=java.util.jar.JarFile.match([C[B[I[I)Z @ 29
Event: 3.922 Thread 0x000000001ac27800 Uncommon trap: reason=class_check action=maybe_recompile pc=0x0000000003b7ca08 method=java.io.BufferedInputStream.read1([BII)I @ 39
Event: 3.922 Thread 0x000000001ac27800 Uncommon trap: reason=class_check action=maybe_recompile pc=0x0000000003b7ca08 method=java.io.BufferedInputStream.read1([BII)I @ 39
Event: 3.922 Thread 0x000000001ac27800 Uncommon trap: reason=class_check action=maybe_recompile pc=0x0000000003b7ca08 method=java.io.BufferedInputStream.read1([BII)I @ 39
Event: 3.976 Thread 0x000000001ac27800 Uncommon trap: reason=bimorphic action=maybe_recompile pc=0x0000000003ba72dc method=java.util.Arrays.binarySearch0([Ljava/lang/Object;IILjava/lang/Object;Ljava/util/Comparator;)I @ 48
Event: 3.976 Thread 0x000000001ac27800 Uncommon trap: reason=bimorphic action=maybe_recompile pc=0x0000000003ba72dc method=java.util.Arrays.binarySearch0([Ljava/lang/Object;IILjava/lang/Object;Ljava/util/Comparator;)I @ 48
Event: 3.976 Thread 0x000000001ac27800 Uncommon trap: reason=bimorphic action=maybe_recompile pc=0x0000000003ba72dc method=java.util.Arrays.binarySearch0([Ljava/lang/Object;IILjava/lang/Object;Ljava/util/Comparator;)I @ 48
Event: 3.976 Thread 0x000000001ac27800 Uncommon trap: reason=bimorphic action=maybe_recompile pc=0x0000000003ba72dc method=java.util.Arrays.binarySearch0([Ljava/lang/Object;IILjava/lang/Object;Ljava/util/Comparator;)I @ 48
Event: 4.009 Thread 0x000000001ac27800 Uncommon trap: reason=unstable_if action=reinterpret pc=0x0000000003e66e44 method=java.util.regex.Pattern.has(I)Z @ 6

Classes redefined (0 events):
No events

Internal exceptions (10 events):
Event: 3.702 Thread 0x000000001ac27800 Exception <a 'java/lang/ClassNotFoundException': org/gradle/api/DefaultTaskBeanInfo> (0x00000000e5636898) thrown at [C:\re\workspace\8-2-build-windows-amd64-cygwin\jdk8u162\10278\hotspot\src\share\vm\classfile\systemDictionary.cpp, line 210]
Event: 3.702 Thread 0x000000001ac27800 Exception <a 'java/lang/ClassNotFoundException': org/gradle/api/internal/AbstractTaskBeanInfo> (0x00000000e5660080) thrown at [C:\re\workspace\8-2-build-windows-amd64-cygwin\jdk8u162\10278\hotspot\src\share\vm\classfile\systemDictionary.cpp, line 210]
Event: 3.703 Thread 0x000000001ac27800 Exception <a 'java/lang/ClassNotFoundException': org/gradle/api/internal/AbstractTaskCustomizer> (0x00000000e568a400) thrown at [C:\re\workspace\8-2-build-windows-amd64-cygwin\jdk8u162\10278\hotspot\src\share\vm\classfile\systemDictionary.cpp, line 210]
Event: 3.705 Thread 0x000000001ac27800 Exception <a 'java/lang/ClassNotFoundException': org/gradle/api/DefaultTaskCustomizer> (0x00000000e5712620) thrown at [C:\re\workspace\8-2-build-windows-amd64-cygwin\jdk8u162\10278\hotspot\src\share\vm\classfile\systemDictionary.cpp, line 210]
Event: 3.705 Thread 0x000000001ac27800 Exception <a 'java/lang/ClassNotFoundException': org/gradle/api/internal/ConventionTaskCustomizer> (0x00000000e574c3e8) thrown at [C:\re\workspace\8-2-build-windows-amd64-cygwin\jdk8u162\10278\hotspot\src\share\vm\classfile\systemDictionary.cpp, line 210]
Event: 3.706 Thread 0x000000001ac27800 Exception <a 'java/lang/ClassNotFoundException': org/gradle/api/tasks/DeleteCustomizer> (0x00000000e5784080) thrown at [C:\re\workspace\8-2-build-windows-amd64-cygwin\jdk8u162\10278\hotspot\src\share\vm\classfile\systemDictionary.cpp, line 210]
Event: 3.707 Thread 0x000000001ac27800 Exception <a 'java/lang/ClassNotFoundException': org/gradle/api/tasks/Delete_DecoratedCustomizer> (0x00000000e57c9988) thrown at [C:\re\workspace\8-2-build-windows-amd64-cygwin\jdk8u162\10278\hotspot\src\share\vm\classfile\systemDictionary.cpp, line 210]
Event: 3.877 Thread 0x000000001ac27800 Exception <a 'java/lang/ClassNotFoundException': build_1qmkgdrqmpk2p5uhaltrnlm96BeanInfo> (0x00000000e59f8158) thrown at [C:\re\workspace\8-2-build-windows-amd64-cygwin\jdk8u162\10278\hotspot\src\share\vm\classfile\systemDictionary.cpp, line 210]
Event: 3.877 Thread 0x000000001ac27800 Exception <a 'java/lang/ClassNotFoundException': build_1qmkgdrqmpk2p5uhaltrnlm96Customizer> (0x00000000e5a027b0) thrown at [C:\re\workspace\8-2-build-windows-amd64-cygwin\jdk8u162\10278\hotspot\src\share\vm\classfile\systemDictionary.cpp, line 210]
Event: 4.089 Thread 0x000000001ac27800 Exception <a 'sun/nio/fs/WindowsException'> (0x00000000e0027fd0) thrown at [C:\re\workspace\8-2-build-windows-amd64-cygwin\jdk8u162\10278\hotspot\src\share\vm\prims\jni.cpp, line 709]

Events (10 events):
Event: 4.134 loading class com/google/wireless/android/sdk/stats/GarbageCollectionStats
Event: 4.134 loading class com/google/wireless/android/sdk/stats/GarbageCollectionStats done
Event: 4.135 loading class com/google/wireless/android/sdk/stats/GarbageCollectionStatsOrBuilder
Event: 4.135 loading class com/google/wireless/android/sdk/stats/GarbageCollectionStatsOrBuilder done
Event: 4.136 loading class com/android/tools/analytics/CommonMetricsData$GarbageCollectionStatsDiffs
Event: 4.136 loading class com/android/tools/analytics/CommonMetricsData$GarbageCollectionStatsDiffs done
Event: 4.136 loading class com/google/wireless/android/sdk/stats/GarbageCollectionStats$1
Event: 4.136 loading class com/google/wireless/android/sdk/stats/GarbageCollectionStats$1 done
Event: 4.137 loading class com/google/wireless/android/sdk/stats/GarbageCollectionStats$Builder
Event: 4.137 loading class com/google/wireless/android/sdk/stats/GarbageCollectionStats$Builder done


Dynamic libraries:
0x00007ff738b80000 - 0x00007ff738bb7000 	C:\Program Files\Java\jdk1.8.0_162\bin\java.exe
0x00007ffa62cc0000 - 0x00007ffa62ea1000 	C:\WINDOWS\SYSTEM32\ntdll.dll
0x00007ffa606d0000 - 0x00007ffa60782000 	C:\WINDOWS\System32\KERNEL32.DLL
0x00007ffa5fca0000 - 0x00007ffa5ff13000 	C:\WINDOWS\System32\KERNELBASE.dll
0x00007ffa62be0000 - 0x00007ffa62c81000 	C:\WINDOWS\System32\ADVAPI32.dll
0x00007ffa622d0000 - 0x00007ffa6236e000 	C:\WINDOWS\System32\msvcrt.dll
0x00007ffa625e0000 - 0x00007ffa6263b000 	C:\WINDOWS\System32\sechost.dll
0x00007ffa60150000 - 0x00007ffa60274000 	C:\WINDOWS\System32\RPCRT4.dll
0x00007ffa603b0000 - 0x00007ffa60540000 	C:\WINDOWS\System32\USER32.dll
0x00007ffa60130000 - 0x00007ffa60150000 	C:\WINDOWS\System32\win32u.dll
0x00007ffa62370000 - 0x00007ffa62398000 	C:\WINDOWS\System32\GDI32.dll
0x00007ffa5fb00000 - 0x00007ffa5fc92000 	C:\WINDOWS\System32\gdi32full.dll
0x00007ffa5f7a0000 - 0x00007ffa5f83f000 	C:\WINDOWS\System32\msvcp_win.dll
0x00007ffa5ff20000 - 0x00007ffa6001a000 	C:\WINDOWS\System32\ucrtbase.dll
0x00007ffa4ef90000 - 0x00007ffa4f1f9000 	C:\WINDOWS\WinSxS\amd64_microsoft.windows.common-controls_6595b64144ccf1df_6.0.17134.286_none_fb43982d306480cc\COMCTL32.dll
0x00007ffa61de0000 - 0x00007ffa62103000 	C:\WINDOWS\System32\combase.dll
0x00007ffa5f840000 - 0x00007ffa5f8ba000 	C:\WINDOWS\System32\bcryptPrimitives.dll
0x00007ffa625b0000 - 0x00007ffa625dd000 	C:\WINDOWS\System32\IMM32.DLL
0x0000000063560000 - 0x0000000063631000 	C:\Program Files\Java\jdk1.8.0_162\jre\bin\msvcr100.dll
0x0000000062cc0000 - 0x0000000063560000 	C:\Program Files\Java\jdk1.8.0_162\jre\bin\server\jvm.dll
0x00007ffa60330000 - 0x00007ffa60338000 	C:\WINDOWS\System32\PSAPI.DLL
0x00007ffa5bbd0000 - 0x00007ffa5bbf3000 	C:\WINDOWS\SYSTEM32\WINMM.dll
0x00007ffa48ac0000 - 0x00007ffa48ac9000 	C:\WINDOWS\SYSTEM32\WSOCK32.dll
0x00007ffa61bd0000 - 0x00007ffa61c3c000 	C:\WINDOWS\System32\WS2_32.dll
0x00007ffa51280000 - 0x00007ffa5128a000 	C:\WINDOWS\SYSTEM32\VERSION.dll
0x00007ffa5bba0000 - 0x00007ffa5bbca000 	C:\WINDOWS\SYSTEM32\WINMMBASE.dll
0x00007ffa5fab0000 - 0x00007ffa5faf9000 	C:\WINDOWS\System32\cfgmgr32.dll
0x0000000062cb0000 - 0x0000000062cbf000 	C:\Program Files\Java\jdk1.8.0_162\jre\bin\verify.dll
0x0000000062c80000 - 0x0000000062ca9000 	C:\Program Files\Java\jdk1.8.0_162\jre\bin\java.dll
0x0000000062c60000 - 0x0000000062c76000 	C:\Program Files\Java\jdk1.8.0_162\jre\bin\zip.dll
0x00007ffa60790000 - 0x00007ffa61bd0000 	C:\WINDOWS\System32\SHELL32.dll
0x00007ffa60280000 - 0x00007ffa60329000 	C:\WINDOWS\System32\shcore.dll
0x00007ffa5f090000 - 0x00007ffa5f79d000 	C:\WINDOWS\System32\windows.storage.dll
0x00007ffa60340000 - 0x00007ffa60391000 	C:\WINDOWS\System32\shlwapi.dll
0x00007ffa5f070000 - 0x00007ffa5f081000 	C:\WINDOWS\System32\kernel.appcore.dll
0x00007ffa5f020000 - 0x00007ffa5f03f000 	C:\WINDOWS\System32\profapi.dll
0x00007ffa5efd0000 - 0x00007ffa5f01c000 	C:\WINDOWS\System32\powrprof.dll
0x00007ffa5f060000 - 0x00007ffa5f06a000 	C:\WINDOWS\System32\FLTLIB.DLL
0x0000000062c40000 - 0x0000000062c5a000 	C:\Program Files\Java\jdk1.8.0_162\jre\bin\net.dll
0x00007ffa5e850000 - 0x00007ffa5e8b6000 	C:\WINDOWS\system32\mswsock.dll
0x0000000062c20000 - 0x0000000062c31000 	C:\Program Files\Java\jdk1.8.0_162\jre\bin\nio.dll
0x00007ffa4e0f0000 - 0x00007ffa4e10e000 	C:\Users\xucan\.gradle\native\25\windows-amd64\native-platform.dll
0x00000000623c0000 - 0x00000000623cd000 	C:\Program Files\Java\jdk1.8.0_162\jre\bin\management.dll
0x00007ffa5ea00000 - 0x00007ffa5ea17000 	C:\WINDOWS\SYSTEM32\CRYPTSP.dll
0x00007ffa5e430000 - 0x00007ffa5e463000 	C:\WINDOWS\system32\rsaenh.dll
0x00007ffa5eb30000 - 0x00007ffa5eb55000 	C:\WINDOWS\SYSTEM32\bcrypt.dll
0x00007ffa5eed0000 - 0x00007ffa5eef8000 	C:\WINDOWS\SYSTEM32\USERENV.dll
0x00007ffa5ea20000 - 0x00007ffa5ea2b000 	C:\WINDOWS\SYSTEM32\CRYPTBASE.dll
0x00007ffa5e5d0000 - 0x00007ffa5e608000 	C:\WINDOWS\SYSTEM32\IPHLPAPI.DLL
0x00007ffa603a0000 - 0x00007ffa603a8000 	C:\WINDOWS\System32\NSI.dll
0x00007ffa590c0000 - 0x00007ffa590d6000 	C:\WINDOWS\SYSTEM32\dhcpcsvc6.DLL
0x00007ffa590a0000 - 0x00007ffa590ba000 	C:\WINDOWS\SYSTEM32\dhcpcsvc.DLL

VM Arguments:
jvm_args: -Xmx1536m -Dfile.encoding=GBK -Duser.country=CN -Duser.language=zh -Duser.variant 
java_command: org.gradle.launcher.daemon.bootstrap.GradleDaemon 4.4
java_class_path (initial): C:\Users\xucan\.gradle\wrapper\dists\gradle-4.4-all\9br9xq1tocpiv8o6njlyu5op1\gradle-4.4\lib\gradle-launcher-4.4.jar
Launcher Type: SUN_STANDARD

Environment Variables:
PATH=C:\Program Files (x86)\Common Files\Oracle\Java\javapath;C:\ProgramData\Oracle\Java\javapath;C:\Program Files (x86)\Intel\iCLS Client\;C:\Program Files\Intel\iCLS Client\;C:\Windows\system32;C:\Windows;C:\Windows\System32\Wbem;C:\Windows\System32\WindowsPowerShell\v1.0\;C:\Program Files (x86)\Intel\Intel(R) Management Engine Components\DAL;C:\Program Files\Intel\Intel(R) Management Engine Components\DAL;C:\Program Files (x86)\Intel\Intel(R) Management Engine Components\IPT;C:\Program Files\Intel\Intel(R) Management Engine Components\IPT;C:\Program Files (x86)\NVIDIA Corporation\PhysX\Common;C:\Program Files\Intel\WiFi\bin\;C:\Program Files\Common Files\Intel\WirelessCommon\;C:\WINDOWS\system32;C:\WINDOWS;C:\WINDOWS\System32\Wbem;C:\WINDOWS\System32\WindowsPowerShell\v1.0\;C:\Program Files\MiKTeX 2.9\miktex\bin\x64\;C:\Program Files\Git\cmd;C:\Users\xucan\AppData\Local\Microsoft\WindowsApps;C:\adb;C:\WINDOWS\system32;C:\WINDOWS;C:\WINDOWS\System32\Wbem;C:\WINDOWS\System32\WindowsPowerShell\v1.0\;C:\WINDOWS\System32\OpenSSH\;C:\Users\xucan\AppData\Local\Programs\Python\Python37-32\Scripts\;C:\Users\xucan\AppData\Local\Programs\Python\Python37-32\;C:\Users\xucan\AppData\Local\Programs\Python\Python36\Scripts\;C:\Users\xucan\AppData\Local\Programs\Python\Python36\;C:\Users\xucan\AppData\Local\Microsoft\WindowsApps;
USERNAME=xucan
OS=Windows_NT
PROCESSOR_IDENTIFIER=Intel64 Family 6 Model 142 Stepping 10, GenuineIntel



---------------  S Y S T E M  ---------------

OS: Windows 10.0 , 64 bit Build 17134 (10.0.17134.1)

CPU:total 8 (initial active 8) (4 cores per cpu, 2 threads per core) family 6 model 142 stepping 10, cmov, cx8, fxsr, mmx, sse, sse2, sse3, ssse3, sse4.1, sse4.2, popcnt, avx, avx2, aes, clmul, erms, 3dnowpref, lzcnt, ht, tsc, tscinvbit, bmi1, bmi2, adx

Memory: 4k page, physical 16658532k(3262328k free), swap 47761120k(3232k free)

vm_info: Java HotSpot(TM) 64-Bit Server VM (25.162-b12) for windows-amd64 JRE (1.8.0_162-b12), built on Dec 19 2017 20:00:03 by "java_re" with MS VC++ 10.0 (VS2010)

time: Thu Sep 27 13:40:13 2018
elapsed time: 4 seconds (0d 0h 0m 4s)

